<?xml version="1.0" encoding="UTF-8"?>
<!-- Generated by org.testng.reporters.JUnitXMLReporter -->
<testsuite ignored="0" hostname="shashibhushans-MacBook-Air.local" failures="1" tests="2" name="Regression1" time="3.77" errors="0" timestamp="2024-02-05T20:13:17 IST">
  <testcase classname="SampleTestNG" name="retrieveTitleTest" time="0.009"/>
  <testcase classname="SampleTestNG" name="retrieveUrlTest" time="0.012">
    <failure type="java.lang.AssertionError" message="expected [[https://www.google.com/] but found [https://www.google.com/]">
      <![CDATA[java.lang.AssertionError: expected [[https://www.google.com/] but found [https://www.google.com/]
at SampleTestNG.retrieveUrlTest(SampleTestNG.java:30)
at java.base/java.util.ArrayList.forEach(ArrayList.java:1541)
... Removed 37 stack frames]]>
    </failure>
  </testcase> <!-- retrieveUrlTest -->
</testsuite> <!-- Regression1 -->
